2024-06-18 21:33:31,870 - INFO - 日志记录已启动.
2024-06-18 21:33:50,141 - INFO - 正在访问: https://hanime1.me/search?genre=%E8%A3%8F%E7%95%AA&page=1
2024-06-18 21:34:23,716 - INFO - 文件写入错误: [Errno 22] Invalid argument: 'E:/vide\\1LDK＋JK 突然g展_同居？O度N近!?初w!!? 389687.mp4'
2024-
06-18 21:34:23,917 - INFO - 文件写入错误: [Errno 22] Invalid argument: 'E:/vide\\1LDK＋JK 突然g展_同居？O度N近!?初w!!? 389687.mp4'
2024-06-18 21:34:24,141 - INFO - 文件写入错误: [Errno 22] Invalid argument: 'E:/vide\\1LDK＋JK 突然g展_同居？O度N近!?初w!!? 389687.mp4'
2024-06-18 21:34:24,324 - INFO - 文件写入错误: [Errno 22] Invalid argument: 'E:/vide\\1LDK＋JK 突然g展_同居？O度N近!?初w!!? 389687.mp4'
2024-06-18 21:34:24,545 - INFO - 文件写入错误: [Errno 22] Invalid argument: 'E:/vide\\1LDK＋JK 突然g展_同居？O度N近!?初w!!? 389687.mp4'
2024-06-18 21:34:24,806 - INFO - 文件写入错误: [Errno 22] Invalid argument: 'E:/vide\\1LDK＋JK 突然g展_同居？O度N近!?初w!!? 389687.mp4'
2024-06-18 21:34:24,988 - INFO - 文件写入错误: [Errno 22] Invalid argument: 'E:/vide\\1LDK＋JK 突然g展_同居？O度N近!?初w!!? 389687.mp4'
2024-06-18 21:34:25,429 - INFO - 文件写入错误: [Errno 22] Invalid argument: 'E:/vide\\1LDK＋JK 突然g展_同居？O度N近!?初w!!? 389687.mp4'
2024-06-18 21:34:25,725 - INFO - 文件写入错误: [Errno 22] Invalid argument: 'E:/vide\\1LDK＋JK 突然g展_同居？O度N近!?初w!!? 389687.mp4'
2024-06-18 21:34:25,923 - INFO - 文件写入错误: [Errno 22] Invalid argument: 'E:/vide\\1LDK＋JK 突然g展_同居？O度N近!?初w!!? 389687.mp4'
2024-06-18 21:34:25,925 - INFO - 下载失败，已重试 10 次。
2024-06-18 21:34:45,341 - INFO - 正在访问: https://hanime1.me/search?genre=%E8%A3%8F%E7%95%AA&page=2
2024-06-18 21:35:21,580 - INFO - 文件写入错误: [Errno 22] Invalid argument: 'E:/vide\\1LDK＋JK 突然g展_同居？O度N近!?初w!!? 284725.mp4'
2024-06-18 21:35:21,843 - INFO - 文件写入错误: [Errno 22] Invalid argument: 'E:/vide\\1LDK＋JK 突然g展_同居？O度N近!?初w!!? 284725.mp4'
2024-06-18 21:35:22,088 - INFO - 文件写入错误: [Errno 22] Invalid argument: 'E:/vide\\1LDK＋JK 突然g展_同居？O度N近!?初w!!? 284725.mp4'
2024-06-18 21:35:22,321 - INFO - 文件写入错误: [Errno 22] Invalid argument: 'E:/vide\\1LDK＋JK 突然g展_同居？O度N近!?初w!!? 284725.mp4'
2024-06-18 21:35:23,562 - INFO - 文件写入错误: [Errno 22] Invalid argument: 'E:/vide\\1LDK＋JK 突然g展_同居？O度N近!?初w!!? 284725.mp4'
2024-06-18 21:35:24,098 - INFO - 文件写入错误: [Errno 22] Invalid argument: 'E:/vide\\1LDK＋JK 突然g展_同居？O度N近!?初w!!? 284725.mp4'
2024-06-18 21:35:24,388 - INFO - 文件写入错误: [Errno 22] Invalid argument: 'E:/vide\\1LDK＋JK 突然g展_同居？O度N近!?初w!!? 284725.mp4'
2024-06-18 21:35:24,577 - INFO - 文件写入错误: [Errno 22] Invalid argument: 'E:/vide\\1LDK＋JK 突然g展_同居？O度N近!?初w!!? 284725.mp4'
2024-06-18 21:35:24,798 - INFO - 文件写入错误: [Errno 22] Invalid argument: 'E:/vide\\1LDK＋JK 突然g展_同居？O度N近!?初w!!? 284725.mp4'
2024-06-18 21:35:25,014 - INFO - 文件写入错误: [Errno 22] Invalid argument: 'E:/vide\\1LDK＋JK 突然g展_同居？O度N近!?初w!!? 284725.mp4'
2024-06-18 21:35:25,015 - INFO - 下载失败，已重试 10 次。
2024-06-18 21:35:30,633 - INFO - 正在访问: https://hanime1.me/search?genre=%E8%A3%8F%E7%95%AA&page=3
2024-06-18 21:35:50,623 - INFO - 文件写入错误: [Errno 22] Invalid argument: 'E:/vide\\1LDK＋JK 突然g展_同居？O度N近!?初w!!? 139805.mp4'
2024-06-18 21:35:50,885 - INFO - 文件写入错误: [Errno 22] Invalid argument: 'E:/vide\\1LDK＋JK 突然g展_同居？O度N近!?初w!!? 139805.mp4'
2024-06-18 21:35:51,094 - INFO - 文件写入错误: [Errno 22] Invalid argument: 'E:/vide\\1LDK＋JK 突然g展_同居？O度N近!?初w!!? 139805.mp4'
2024-06-18 21:35:51,311 - INFO - 文件写入错误: [Errno 22] Invalid argument: 'E:/vide\\1LDK＋JK 突然g展_同居？O度N近!?初w!!? 139805.mp4'
2024-06-18 21:35:51,526 - INFO - 文件写入错误: [Errno 22] Invalid argument: 'E:/vide\\1LDK＋JK 突然g展_同居？O度N近!?初w!!? 139805.mp4'
2024-06-18 21:35:51,784 - INFO - 文件写入错误: [Errno 22] Invalid argument: 'E:/vide\\1LDK＋JK 突然g展_同居？O度N近!?初w!!? 139805.mp4'
2024-06-18 21:35:52,044 - INFO - 文件写入错误: [Errno 22] Invalid argument: 'E:/vide\\1LDK＋JK 突然g展_同居？O度N近!?初w!!? 139805.mp4'
2024-06-18 21:35:52,255 - INFO - 文件写入错误: [Errno 22] Invalid argument: 'E:/vide\\1LDK＋JK 突然g展_同居？O度N近!?初w!!? 139805.mp4'
2024-06-18 21:35:52,591 - INFO - 文件写入错误: [Errno 22] Invalid argument: 'E:/vide\\1LDK＋JK 突然g展_同居？O度N近!?初w!!? 139805.mp4'
2024-06-18 21:35:52,904 - INFO - 文件写入错误: [Errno 22] Invalid argument: 'E:/vide\\1LDK＋JK 突然g展_同居？O度N近!?初w!!? 139805.mp4'
2024-06-18 21:35:52,914 - INFO - 下载失败，已重试 10 次。
2024-06-18 21:36:10,222 - INFO - 正在访问: https://hanime1.me/search?genre=%E8%A3%8F%E7%95%AA&page=4
2024-06-18 21:36:32,044 - INFO - 文件写入错误: [Errno 22] Invalid argument: 'E:/vide\\班上只有我一男生!? 139537.mp4'
2024-06-18 21:36:32,260 - INFO - 文件写入错误: [Errno 22] Invalid argument: 'E:/vide\\班上只有我一男生!? 139537.mp4'
2024-06-18 21:36:32,449 - INFO - 文件写入错误: [Errno 22] Invalid argument: 'E:/vide\\班上只有我一男生!? 139537.mp4'
2024-06-18 21:36:32,638 - INFO - 文件写入错误: [Errno 22] Invalid argument: 'E:/vide\\班上只有我一男生!? 139537.mp4'
2024-06-18 21:36:32,901 - INFO - 文件写入错误: [Errno 22] Invalid argument: 'E:/vide\\班上只有我一男生!? 139537.mp4'
2024-06-18 21:36:33,122 - INFO - 文件写入错误: [Errno 22] Invalid argument: 'E:/vide\\班上只有我一男生!? 139537.mp4'
2024-06-18 21:36:33,355 - INFO - 文件写入错误: [Errno 22] Invalid argument: 'E:/vide\\班上只有我一男生!? 139537.mp4'
2024-06-18 21:36:33,602 - INFO - 文件写入错误: [Errno 22] Invalid argument: 'E:/vide\\班上只有我一男生!? 139537.mp4'
2024-06-18 21:36:33,846 - INFO - 文件写入错误: [Errno 22] Invalid argument: 'E:/vide\\班上只有我一男生!? 139537.mp4'
2024-06-18 21:36:34,072 - INFO - 文件写入错误: [Errno 22] Invalid argument: 'E:/vide\\班上只有我一男生!? 139537.mp4'
2024-06-18 21:36:34,076 - INFO - 下载失败，已重试 10 次。
2024-06-18 21:36:53,484 - INFO - 正在访问: https://hanime1.me/search?genre=%E8%A3%8F%E7%95%AA&page=5
2024-06-18 21:37:06,887 - INFO - 文件写入错误: [Errno 22] Invalid argument: 'E:/vide\\召诀饶ЫY果x母砹!? 239123.mp4'
2024-06-18 21:37:07,413 - INFO - 文件写入错误: [Errno 22] Invalid argument: 'E:/vide\\召诀饶ЫY果x母砹!? 239123.mp4'
2024-06-18 21:37:07,639 - INFO - 文件写入错误: [Errno 22] Invalid argument: 'E:/vide\\召诀饶ЫY果x母砹!? 239123.mp4'
2024-06-18 21:37:07,845 - INFO - 文件写入错误: [Errno 22] Invalid argument: 'E:/vide\\召诀饶ЫY果x母砹!? 239123.mp4'
2024-06-18 21:37:08,021 - INFO - 文件写入错误: [Errno 22] Invalid argument: 'E:/vide\\召诀饶ЫY果x母砹!? 239123.mp4'
2024-06-18 21:37:08,259 - INFO - 文件写入错误: [Errno 22] Invalid argument: 'E:/vide\\召诀饶ЫY果x母砹!? 239123.mp4'
2024-06-18 21:37:08,739 - INFO - 文件写入错误: [Errno 22] Invalid argument: 'E:/vide\\召诀饶ЫY果x母砹!? 239123.mp4'
2024-06-18 21:37:08,971 - INFO - 文件写入错误: [Errno 22] Invalid argument: 'E:/vide\\召诀饶ЫY果x母砹!? 239123.mp4'
2024-06-18 21:37:09,183 - INFO - 文件写入错误: [Errno 22] Invalid argument: 'E:/vide\\召诀饶ЫY果x母砹!? 239123.mp4'
2024-06-18 21:37:09,410 - INFO - 文件写入错误: [Errno 22] Invalid argument: 'E:/vide\\召诀饶ЫY果x母砹!? 239123.mp4'
2024-06-18 21:37:09,420 - INFO - 下载失败，已重试 10 次。
2024-06-18 21:37:10,597 - INFO - 文件写入错误: [Errno 22] Invalid argument: 'E:/vide\\召诀饶ЫY果x母砹!? 139122.mp4'
2024-06-18 21:37:10,805 - INFO - 文件写入错误: [Errno 22] Invalid argument: 'E:/vide\\召诀饶ЫY果x母砹!? 139122.mp4'
2024-06-18 21:37:11,003 - INFO - 文件写入错误: [Errno 22] Invalid argument: 'E:/vide\\召诀饶ЫY果x母砹!? 139122.mp4'
2024-06-18 21:37:11,226 - INFO - 文件写入错误: [Errno 22] Invalid argument: 'E:/vide\\召诀饶ЫY果x母砹!? 139122.mp4'
2024-06-18 21:37:11,451 - INFO - 文件写入错误: [Errno 22] Invalid argument: 'E:/vide\\召诀饶ЫY果x母砹!? 139122.mp4'
2024-06-18 21:37:11,692 - INFO - 文件写入错误: [Errno 22] Invalid argument: 'E:/vide\\召诀饶ЫY果x母砹!? 139122.mp4'
2024-06-18 21:37:11,921 - INFO - 文件写入错误: [Errno 22] Invalid argument: 'E:/vide\\召诀饶ЫY果x母砹!? 139122.mp4'
2024-06-18 21:37:12,164 - INFO - 文件写入错误: [Errno 22] Invalid argument: 'E:/vide\\召诀饶ЫY果x母砹!? 139122.mp4'
2024-06-18 21:37:12,403 - INFO - 文件写入错误: [Errno 22] Invalid argument: 'E:/vide\\召诀饶ЫY果x母砹!? 139122.mp4'
2024-06-18 21:37:12,934 - INFO - 文件写入错误: [Errno 22] Invalid argument: 'E:/vide\\召诀饶ЫY果x母砹!? 139122.mp4'
2024-06-18 21:37:12,943 - INFO - 下载失败，已重试 10 次。
2024-06-18 21:37:41,605 - INFO - 正在访问: https://hanime1.me/search?genre=%E8%A3%8F%E7%95%AA&page=6
2024-06-18 21:38:26,516 - INFO - 正在访问: https://hanime1.me/search?genre=%E8%A3%8F%E7%95%AA&page=7
2024-06-18 21:39:08,218 - INFO - 正在访问: https://hanime1.me/search?genre=%E8%A3%8F%E7%95%AA&page=8
2024-06-18 21:39:50,098 - INFO - 正在访问: https://hanime1.me/search?genre=%E8%A3%8F%E7%95%AA&page=9
2024-06-18 21:40:35,632 - INFO - 正在访问: https://hanime1.me/search?genre=%E8%A3%8F%E7%95%AA&page=10
2024-06-18 21:41:18,321 - INFO - 正在访问: https://hanime1.me/search?genre=%E8%A3%8F%E7%95%AA&page=11
2024-06-18 21:42:01,688 - INFO - 正在访问: https://hanime1.me/search?genre=%E8%A3%8F%E7%95%AA&page=12
2024-06-18 21:42:47,338 - INFO - 正在访问: https://hanime1.me/search?genre=%E8%A3%8F%E7%95%AA&page=13
2024-06-18 21:43:42,376 - INFO - 正在访问: https://hanime1.me/search?genre=%E8%A3%8F%E7%95%AA&page=14
2024-06-18 21:43:44,263 - INFO - 文件写入错误: [Errno 22] Invalid argument: 'E:/vide\\碧池W@不可能有清妹!!? 212449.mp4'
2024-06-18 21:43:45,558 - INFO - 文件写入错误: [Errno 22] Invalid argument: 'E:/vide\\碧池W@不可能有清妹!!? 212449.mp4'
2024-06-18 21:43:45,867 - INFO - 文件写入错误: [Errno 22] Invalid argument: 'E:/vide\\碧池W@不可能有清妹!!? 212449.mp4'
2024-06-18 21:43:46,369 - INFO - 文件写入错误: [Errno 22] Invalid argument: 'E:/vide\\碧池W@不可能有清妹!!? 212449.mp4'
2024-06-18 21:43:46,692 - INFO - 文件写入错误: [Errno 22] Invalid argument: 'E:/vide\\碧池W@不可能有清妹!!? 212449.mp4'
2024-06-18 21:43:46,975 - INFO - 文件写入错误: [Errno 22] Invalid argument: 'E:/vide\\碧池W@不可能有清妹!!? 212449.mp4'
2024-06-18 21:43:47,218 - INFO - 文件写入错误: [Errno 22] Invalid argument: 'E:/vide\\碧池W@不可能有清妹!!? 212449.mp4'
2024-06-18 21:43:48,406 - INFO - 文件写入错误: [Errno 22] Invalid argument: 'E:/vide\\碧池W@不可能有清妹!!? 212449.mp4'
2024-06-18 21:43:48,623 - INFO - 文件写入错误: [Errno 22] Invalid argument: 'E:/vide\\碧池W@不可能有清妹!!? 212449.mp4'
2024-06-18 21:43:48,871 - INFO - 文件写入错误: [Errno 22] Invalid argument: 'E:/vide\\碧池W@不可能有清妹!!? 212449.mp4'
2024-06-18 21:43:48,879 - INFO - 下载失败，已重试 10 次。
2024-06-18 21:44:09,505 - INFO - HTTP 错误: 404 Client Error: Not Found for url: https://vdownload-31.sb-cd.com/8/4/8481561-1080p.mp4?secure=ra8C_e5FdDWr9tkz1xpbKA,1718758764&m=31&d=3&_tid=8481561
2024-06-18 21:44:09,656 - INFO - HTTP 错误: 404 Client Error: Not Found for url: https://vdownload-31.sb-cd.com/8/4/8481561-1080p.mp4?secure=ra8C_e5FdDWr9tkz1xpbKA,1718758764&m=31&d=3&_tid=8481561
2024-06-18 21:44:09,784 - INFO - HTTP 错误: 404 Client Error: Not Found for url: https://vdownload-31.sb-cd.com/8/4/8481561-1080p.mp4?secure=ra8C_e5FdDWr9tkz1xpbKA,1718758764&m=31&d=3&_tid=8481561
2024-06-18 21:44:09,935 - INFO - HTTP 错误: 404 Client Error: Not Found for url: https://vdownload-31.sb-cd.com/8/4/8481561-1080p.mp4?secure=ra8C_e5FdDWr9tkz1xpbKA,1718758764&m=31&d=3&_tid=8481561
2024-06-18 21:44:10,063 - INFO - HTTP 错误: 404 Client Error: Not Found for url: https://vdownload-31.sb-cd.com/8/4/8481561-1080p.mp4?secure=ra8C_e5FdDWr9tkz1xpbKA,1718758764&m=31&d=3&_tid=8481561
2024-06-18 21:44:10,199 - INFO - HTTP 错误: 404 Client Error: Not Found for url: https://vdownload-31.sb-cd.com/8/4/8481561-1080p.mp4?secure=ra8C_e5FdDWr9tkz1xpbKA,1718758764&m=31&d=3&_tid=8481561
2024-06-18 21:44:10,338 - INFO - HTTP 错误: 404 Client Error: Not Found for url: https://vdownload-31.sb-cd.com/8/4/8481561-1080p.mp4?secure=ra8C_e5FdDWr9tkz1xpbKA,1718758764&m=31&d=3&_tid=8481561
2024-06-18 21:44:10,489 - INFO - HTTP 错误: 404 Client Error: Not Found for url: https://vdownload-31.sb-cd.com/8/4/8481561-1080p.mp4?secure=ra8C_e5FdDWr9tkz1xpbKA,1718758764&m=31&d=3&_tid=8481561
2024-06-18 21:44:10,644 - INFO - HTTP 错误: 404 Client Error: Not Found for url: https://vdownload-31.sb-cd.com/8/4/8481561-1080p.mp4?secure=ra8C_e5FdDWr9tkz1xpbKA,1718758764&m=31&d=3&_tid=8481561
2024-06-18 21:44:10,870 - INFO - HTTP 错误: 404 Client Error: Not Found for url: https://vdownload-31.sb-cd.com/8/4/8481561-1080p.mp4?secure=ra8C_e5FdDWr9tkz1xpbKA,1718758764&m=31&d=3&_tid=8481561
2024-06-18 21:44:10,871 - INFO - 下载失败，已重试 10 次。
2024-06-18 21:44:23,219 - INFO - 文件写入错误: [Errno 22] Invalid argument: 'E:/vide\\碧池W@不可能有清妹!!? 112405.mp4'
2024-06-18 21:44:23,506 - INFO - 文件写入错误: [Errno 22] Invalid argument: 'E:/vide\\碧池W@不可能有清妹!!? 112405.mp4'
2024-06-18 21:44:23,808 - INFO - 文件写入错误: [Errno 22] Invalid argument: 'E:/vide\\碧池W@不可能有清妹!!? 112405.mp4'
2024-06-18 21:44:24,070 - INFO - 文件写入错误: [Errno 22] Invalid argument: 'E:/vide\\碧池W@不可能有清妹!!? 112405.mp4'
2024-06-18 21:44:24,374 - INFO - 文件写入错误: [Errno 22] Invalid argument: 'E:/vide\\碧池W@不可能有清妹!!? 112405.mp4'
2024-06-18 21:44:24,721 - INFO - 文件写入错误: [Errno 22] Invalid argument: 'E:/vide\\碧池W@不可能有清妹!!? 112405.mp4'
2024-06-18 21:44:24,983 - INFO - 文件写入错误: [Errno 22] Invalid argument: 'E:/vide\\碧池W@不可能有清妹!!? 112405.mp4'
2024-06-18 21:44:25,252 - INFO - 文件写入错误: [Errno 22] Invalid argument: 'E:/vide\\碧池W@不可能有清妹!!? 112405.mp4'
2024-06-18 21:44:25,556 - INFO - 文件写入错误: [Errno 22] Invalid argument: 'E:/vide\\碧池W@不可能有清妹!!? 112405.mp4'
2024-06-18 21:44:25,826 - INFO - 文件写入错误: [Errno 22] Invalid argument: 'E:/vide\\碧池W@不可能有清妹!!? 112405.mp4'
2024-06-18 21:44:25,827 - INFO - 下载失败，已重试 10 次。
2024-06-18 21:44:42,297 - INFO - 正在访问: https://hanime1.me/search?genre=%E8%A3%8F%E7%95%AA&page=15
2024-06-18 21:45:30,390 - INFO - 正在访问: https://hanime1.me/search?genre=%E8%A3%8F%E7%95%AA&page=16
2024-06-18 22:03:42,049 - INFO - 日志记录已启动.
2024-06-18 22:03:58,433 - INFO - 正在访问: https://hanime1.me/search?genre=%E8%A3%8F%E7%95%AA&page=12024-06-18 22:06:14,041 - INFO - 正在访问: https://hanime1.me/search?genre=%E8%A3%8F%E7%95%AA&page=4
2024-06-18 22:06:52,226 - INFO - 正在访问: https://hanime1.me/search?genre=%E8%A3%8F%E7%95%AA&page=5
2024-06-18 22:07:33,820 - INFO - 正在访问: https://hanime1.me/search?genre=%E8%A3%8F%E7%95%AA&page=6
2024-06-18 22:08:14,284 - INFO - 正在访问: https://hanime1.me/search?genre=%E8%A3%8F%E7%95%AA&page=7
2024-06-18 22:08:51,391 - INFO - 正在访问: https://hanime1.me/search?genre=%E8%A3%8F%E7%95%AA&page=8
2024-06-18 22:09:32,912 - INFO - 正在访问: https://hanime1.me/search?genre=%E8%A3%8F%E7%95%AA&page=9
2024-06-18 22:10:13,582 - INFO - 正在访问: https://hanime1.me/search?genre=%E8%A3%8F%E7%95%AA&page=10
2024-06-18 22:10:54,836 - INFO - 正在访问: https://hanime1.me/search?genre=%E8%A3%8F%E7%95%AA&page=11
2024-06-18 22:11:34,498 - INFO - 正在访问: https://hanime1.me/search?genre=%E8%A3%8F%E7%95%AA&page=12
2024-06-18 22:12:16,492 - INFO - 正在访问: https://hanime1.me/search?genre=%E8%A3%8F%E7%95%AA&page=13
2024-06-18 22:12:57,623 - INFO - 正在访问: https://hanime1.me/search?genre=%E8%A3%8F%E7%95%AA&page=14
2024-06-18 22:13:16,882 - INFO - HTTP 错误: 404 Client Error: Not Found for url: https://vdownload-31.sb-cd.com/8/4/8481561-1080p.mp4?secure=7KW9gF8sOqWbOCFl--D1vg,1718762079&m=31&d=3&_tid=8481561
2024-06-18 22:13:17,040 - INFO - HTTP 错误: 404 Client Error: Not Found for url: https://vdownload-31.sb-cd.com/8/4/8481561-1080p.mp4?secure=7KW9gF8sOqWbOCFl--D1vg,1718762079&m=31&d=3&_tid=8481561
2024-06-18 22:13:17,198 - INFO - HTTP 错误: 404 Client Error: Not Found for url: https://vdownload-31.sb-cd.com/8/4/8481561-1080p.mp4?secure=7KW9gF8sOqWbOCFl--D1vg,1718762079&m=31&d=3&_tid=8481561
2024-06-18 22:13:18,375 - INFO - HTTP 错误: 404 Client Error: Not Found for url: https://vdownload-31.sb-cd.com/8/4/8481561-1080p.mp4?secure=7KW9gF8sOqWbOCFl--D1vg,1718762079&m=31&d=3&_tid=8481561
2024-06-18 22:13:19,544 - INFO - HTTP 错误: 404 Client Error: Not Found for url: https://vdownload-31.sb-cd.com/8/4/8481561-1080p.mp4?secure=7KW9gF8sOqWbOCFl--D1vg,1718762079&m=31&d=3&_tid=8481561
2024-06-18 22:13:19,732 - INFO - HTTP 错误: 404 Client Error: Not Found for url: https://vdownload-31.sb-cd.com/8/4/8481561-1080p.mp4?secure=7KW9gF8sOqWbOCFl--D1vg,1718762079&m=31&d=3&_tid=8481561
2024-06-18 22:13:20,183 - INFO - HTTP 错误: 404 Client Error: Not Found for url: https://vdownload-31.sb-cd.com/8/4/8481561-1080p.mp4?secure=7KW9gF8sOqWbOCFl--D1vg,1718762079&m=31&d=3&_tid=8481561
2024-06-18 22:13:20,674 - INFO - HTTP 错误: 404 Client Error: Not Found for url: https://vdownload-31.sb-cd.com/8/4/8481561-1080p.mp4?secure=7KW9gF8sOqWbOCFl--D1vg,1718762079&m=31&d=3&_tid=8481561
2024-06-18 22:13:20,843 - INFO - HTTP 错误: 404 Client Error: Not Found for url: https://vdownload-31.sb-cd.com/8/4/8481561-1080p.mp4?secure=7KW9gF8sOqWbOCFl--D1vg,1718762079&m=31&d=3&_tid=8481561
2024-06-18 22:13:21,016 - INFO - HTTP 错误: 404 Client Error: Not Found for url: https://vdownload-31.sb-cd.com/8/4/8481561-1080p.mp4?secure=7KW9gF8sOqWbOCFl--D1vg,1718762079&m=31&d=3&_tid=8481561
2024-06-18 22:13:47,541 - INFO - 正在访问: https://hanime1.me/search?genre=%E8%A3%8F%E7%95%AA&page=15
2024-06-18 22:14:27,038 - INFO - 正在访问: https://hanime1.me/search?genre=%E8%A3%8F%E7%95%AA&page=16
2024-06-18 22:15:16,088 - INFO - 正在访问: https://hanime1.me/search?genre=%E8%A3%8F%E7%95%AA&page=17
2024-06-18 22:16:00,350 - INFO - 正在访问: https://hanime1.me/search?genre=%E8%A3%8F%E7%95%AA&page=18
2024-06-18 22:16:43,525 - INFO - 正在访问: https://hanime1.me/search?genre=%E8%A3%8F%E7%95%AA&page=19
2024-06-18 22:17:27,046 - INFO - 正在访问: https://hanime1.me/search?genre=%E8%A3%8F%E7%95%AA&page=20
2024-06-18 22:18:09,597 - INFO - 正在访问: https://hanime1.me/search?genre=%E8%A3%8F%E7%95%AA&page=21
2024-06-18 22:18:52,530 - INFO - 正在访问: https://hanime1.me/search?genre=%E8%A3%8F%E7%95%AA&page=22
2024-06-18 22:19:33,236 - INFO - 正在访问: https://hanime1.me/search?genre=%E8%A3%8F%E7%95%AA&page=23
2024-06-18 22:20:14,944 - INFO - 正在访问: https://hanime1.me/search?genre=%E8%A3%8F%E7%95%AA&page=24
2024-06-18 22:20:54,854 - INFO - 正在访问: https://hanime1.me/search?genre=%E8%A3%8F%E7%95%AA&page=25
2024-06-18 22:21:39,648 - INFO - 正在访问: https://hanime1.me/search?genre=%E8%A3%8F%E7%95%AA&page=26
2024-06-18 22:22:22,691 - INFO - 正在访问: https://hanime1.me/search?genre=%E8%A3%8F%E7%95%AA&page=27
2024-06-18 22:23:05,921 - INFO - 正在访问: https://hanime1.me/search?genre=%E8%A3%8F%E7%95%AA&page=28
2024-06-18 22:23:56,191 - INFO - 正在访问: https://hanime1.me/search?genre=%E8%A3%8F%E7%95%AA&page=29
2024-06-18 22:24:41,997 - INFO - 正在访问: https://hanime1.me/search?genre=%E8%A3%8F%E7%95%AA&page=30
2024-06-18 22:25:27,663 - INFO - 正在访问: https://hanime1.me/search?genre=%E8%A3%8F%E7%95%AA&page=31
2024-06-18 22:26:20,482 - INFO - 正在访问: https://hanime1.me/search?genre=%E8%A3%8F%E7%95%AA&page=32
2024-06-18 22:27:05,333 - INFO - 正在访问: https://hanime1.me/search?genre=%E8%A3%8F%E7%95%AA&page=33
2024-06-18 22:27:43,030 - INFO - 获取数据时出错: 
没有找到元素。
method: ele()
args: {'locator': 'tag:table', 'index': 1}
2024-06-18 22:28:01,846 - INFO - 正在访问: https://hanime1.me/search?genre=%E8%A3%8F%E7%95%AA&page=34
2024-06-18 22:28:51,921 - INFO - 正在访问: https://hanime1.me/search?genre=%E8%A3%8F%E7%95%AA&page=35
2024-06-18 22:29:43,205 - INFO - 正在访问: https://hanime1.me/search?genre=%E8%A3%8F%E7%95%AA&page=36
2024-06-18 22:30:36,175 - INFO - 正在访问: https://hanime1.me/search?genre=%E8%A3%8F%E7%95%AA&page=37
2024-06-18 22:31:25,474 - INFO - 正在访问: https://hanime1.me/search?genre=%E8%A3%8F%E7%95%AA&page=38
2024-06-18 22:32:13,224 - INFO - 正在访问: https://hanime1.me/search?genre=%E8%A3%8F%E7%95%AA&page=39
2024-06-18 22:33:04,300 - INFO - 正在访问: https://hanime1.me/search?genre=%E8%A3%8F%E7%95%AA&page=40
2024-06-18 22:33:57,199 - INFO - 正在访问: https://hanime1.me/search?genre=%E8%A3%8F%E7%95%AA&page=41
2024-06-18 22:34:45,720 - INFO - 正在访问: https://hanime1.me/search?genre=%E8%A3%8F%E7%95%AA&page=42
2024-06-18 22:35:36,354 - INFO - 正在访问: https://hanime1.me/search?genre=%E8%A3%8F%E7%95%AA&page=43
2024-06-18 22:36:26,995 - INFO - 正在访问: https://hanime1.me/search?genre=%E8%A3%8F%E7%95%AA&page=44
2024-06-18 22:37:18,187 - INFO - 正在访问: https://hanime1.me/search?genre=%E8%A3%8F%E7%95%AA&page=45
2024-06-18 22:38:08,331 - INFO - 正在访问: https://hanime1.me/search?genre=%E8%A3%8F%E7%95%AA&page=46
2024-06-18 22:38:27,929 - INFO - 文件写入错误: [Errno 2] No such file or directory: 'E:/vide\\黑暗未 / 哭泣未 225297.mp4'
2024-06-18 22:38:28,160 - INFO - 文件写入错误: [Errno 2] No such file or directory: 'E:/vide\\黑暗未 / 哭泣未 225297.mp4'
2024-06-18 22:38:28,417 - INFO - 文件写入错误: [Errno 2] No such file or directory: 'E:/vide\\黑暗未 / 哭泣未 225297.mp4'
2024-06-18 22:38:28,756 - INFO - 文件写入错误: [Errno 2] No such file or directory: 'E:/vide\\黑暗未 / 哭泣未 225297.mp4'
2024-06-18 22:38:29,046 - INFO - 文件写入错误: [Errno 2] No such file or directory: 'E:/vide\\黑暗未 / 哭泣未 225297.mp4'
2024-06-18 22:38:29,227 - INFO - 文件写入错误: [Errno 2] No such file or directory: 'E:/vide\\黑暗未 / 哭泣未 225297.mp4'
2024-06-18 22:38:29,426 - INFO - 文件写入错误: [Errno 2] No such file or directory: 'E:/vide\\黑暗未 / 哭泣未 225297.mp4'
2024-06-18 22:38:30,680 - INFO - 文件写入错误: [Errno 2] No such file or directory: 'E:/vide\\黑暗未 / 哭泣未 225297.mp4'
2024-06-18 22:38:30,937 - INFO - 文件写入错误: [Errno 2] No such file or directory: 'E:/vide\\黑暗未 / 哭泣未 225297.mp4'
2024-06-18 22:38:32,396 - INFO - 文件写入错误: [Errno 2] No such file or directory: 'E:/vide\\黑暗未 / 哭泣未 225297.mp4'
2024-06-18 22:39:05,297 - INFO - 正在访问: https://hanime1.me/search?genre=%E8%A3%8F%E7%95%AA&page=47
2024-06-18 22:39:39,457 - INFO - 文件写入错误: [Errno 2] No such file or directory: 'E:/vide\\黑暗未 / 哭泣未 125298.mp4'
2024-06-18 22:39:39,695 - INFO - 文件写入错误: [Errno 2] No such file or directory: 'E:/vide\\黑暗未 / 哭泣未 125298.mp4'
2024-06-18 22:39:39,901 - INFO - 文件写入错误: [Errno 2] No such file or directory: 'E:/vide\\黑暗未 / 哭泣未 125298.mp4'
2024-06-18 22:39:40,099 - INFO - 文件写入错误: [Errno 2] No such file or directory: 'E:/vide\\黑暗未 / 哭泣未 125298.mp4'
2024-06-18 22:39:40,303 - INFO - 文件写入错误: [Errno 2] No such file or directory: 'E:/vide\\黑暗未 / 哭泣未 125298.mp4'
2024-06-18 22:39:40,511 - INFO - 文件写入错误: [Errno 2] No such file or directory: 'E:/vide\\黑暗未 / 哭泣未 125298.mp4'
2024-06-18 22:39:40,764 - INFO - 文件写入错误: [Errno 2] No such file or directory: 'E:/vide\\黑暗未 / 哭泣未 125298.mp4'
2024-06-18 22:39:40,967 - INFO - 文件写入错误: [Errno 2] No such file or directory: 'E:/vide\\黑暗未 / 哭泣未 125298.mp4'
2024-06-18 22:39:41,178 - INFO - 文件写入错误: [Errno 2] No such file or directory: 'E:/vide\\黑暗未 / 哭泣未 125298.mp4'
2024-06-18 22:39:41,374 - INFO - 文件写入错误: [Errno 2] No such file or directory: 'E:/vide\\黑暗未 / 哭泣未 125298.mp4'
2024-06-18 22:39:56,629 - INFO - 正在访问: https://hanime1.me/search?genre=%E8%A3%8F%E7%95%AA&page=48
2024-06-18 22:40:49,204 - INFO - 正在访问: https://hanime1.me/search?genre=%E8%A3%8F%E7%95%AA&page=49
2024-06-18 22:41:39,169 - INFO - 正在访问: https://hanime1.me/search?genre=%E8%A3%8F%E7%95%AA&page=50
2024-06-18 22:42:30,528 - INFO - 正在访问: https://hanime1.me/search?genre=%E8%A3%8F%E7%95%AA&page=51
2024-06-18 22:43:30,628 - INFO - 正在访问: https://hanime1.me/search?genre=%E8%A3%8F%E7%95%AA&page=52
2024-06-18 22:44:23,447 - INFO - 正在访问: https://hanime1.me/search?genre=%E8%A3%8F%E7%95%AA&page=53
2024-06-18 22:45:15,931 - INFO - 正在访问: https://hanime1.me/search?genre=%E8%A3%8F%E7%95%AA&page=54
2024-06-18 22:46:03,467 - INFO - 获取数据时出错: 
没有找到元素。
method: ele()
args: {'locator': 'tag:table', 'index': 1}
2024-06-18 22:46:18,186 - INFO - 正在访问: https://hanime1.me/search?genre=%E8%A3%8F%E7%95%AA&page=55
2024-06-18 22:46:30,781 - INFO - 获取数据时出错: 
没有找到元素。
method: ele()
args: {'locator': 'tag:table', 'index': 1}
2024-06-18 22:46:51,762 - INFO - 获取数据时出错: 
没有找到元素。
method: ele()
args: {'locator': 'tag:table', 'index': 1}
2024-06-18 22:47:32,241 - INFO - 正在访问: https://hanime1.me/search?genre=%E8%A3%8F%E7%95%AA&page=56
2024-06-18 22:47:49,631 - INFO - 获取数据时出错: 
没有找到元素。
method: ele()
args: {'locator': 'tag:table', 'index': 1}
2024-06-18 22:48:39,365 - INFO - 获取数据时出错: 
没有找到元素。
method: ele()
args: {'locator': 'tag:table', 'index': 1}
2024-06-18 22:48:48,337 - INFO - 正在访问: https://hanime1.me/search?genre=%E8%A3%8F%E7%95%AA&page=57
2024-06-18 22:49:41,424 - INFO - 正在访问: https://hanime1.me/search?genre=%E8%A3%8F%E7%95%AA&page=58
2024-06-18 22:50:29,836 - INFO - 正在访问: https://hanime1.me/search?genre=%E8%A3%8F%E7%95%AA&page=59
2024-06-18 22:51:19,194 - INFO - 正在访问: https://hanime1.me/search?genre=%E8%A3%8F%E7%95%AA&page=60
2024-06-18 22:52:02,253 - INFO - 正在访问: https://hanime1.me/search?genre=%E8%A3%8F%E7%95%AA&page=61
2024-06-18 22:52:52,399 - INFO - 正在访问: https://hanime1.me/search?genre=%E8%A3%8F%E7%95%AA&page=62
2024-06-18 22:53:25,879 - INFO - 获取数据时出错: 
没有找到元素。
method: ele()
args: {'locator': 'tag:table', 'index': 1}
2024-06-18 22:53:51,628 - INFO - 正在访问: https://hanime1.me/search?genre=%E8%A3%8F%E7%95%AA&page=63
2024-06-18 22:54:24,167 - INFO - 获取数据时出错: 
没有找到元素。
method: ele()
args: {'locator': 'tag:table', 'index': 1}
2024-06-18 22:54:34,801 - INFO - 获取数据时出错: 
没有找到元素。
method: ele()
args: {'locator': 'tag:table', 'index': 1}
2024-06-18 22:54:56,202 - INFO - 正在访问: https://hanime1.me/search?genre=%E8%A3%8F%E7%95%AA&page=64
2024-06-18 22:55:39,429 - INFO - 正在访问: https://hanime1.me/search?genre=%E8%A3%8F%E7%95%AA&page=65
2024-06-18 22:55:49,923 - INFO - 第 65 页没有数据，可能已经是最后一页了。
